Determining if the pthread_create exist failed with the following output:
Change Dir: /home/cc/ee106a/fa18/class/ee106a-aem/ros_workspaces/lab3/lab3_baxter/build/CMakeFiles/CMakeTmp

Run Build Command:/usr/bin/make "cmTryCompileExec3589458741/fast"
/usr/bin/make -f CMakeFiles/cmTryCompileExec3589458741.dir/build.make CMakeFiles/cmTryCompileExec3589458741.dir/build
make[1]: Entering directory `/home/cc/ee106a/fa18/class/ee106a-aem/ros_workspaces/lab3/lab3_baxter/build/CMakeFiles/CMakeTmp'
/usr/bin/cmake -E cmake_progress_report /home/cc/ee106a/fa18/class/ee106a-aem/ros_workspaces/lab3/lab3_baxter/build/CMakeFiles/CMakeTmp/CMakeFiles 1
Building C object CMakeFiles/cmTryCompileExec3589458741.dir/CheckSymbolExists.c.o
/usr/bin/cc    -o CMakeFiles/cmTryCompileExec3589458741.dir/CheckSymbolExists.c.o   -c /home/cc/ee106a/fa18/class/ee106a-aem/ros_workspaces/lab3/lab3_baxter/build/CMakeFiles/CMakeTmp/CheckSymbolExists.c
Linking C executable cmTryCompileExec3589458741
/usr/bin/cmake -E cmake_link_script CMakeFiles/cmTryCompileExec3589458741.dir/link.txt --verbose=1
/usr/bin/cc       CMakeFiles/cmTryCompileExec3589458741.dir/CheckSymbolExists.c.o  -o cmTryCompileExec3589458741 -rdynamic 
CMakeFiles/cmTryCompileExec3589458741.dir/CheckSymbolExists.c.o: In function `main':
CheckSymbolExists.c:(.text+0x16): undefined reference to `pthread_create'
collect2: error: ld returned 1 exit status
make[1]: *** [cmTryCompileExec3589458741] Error 1
make[1]: Leaving directory `/home/cc/ee106a/fa18/class/ee106a-aem/ros_workspaces/lab3/lab3_baxter/build/CMakeFiles/CMakeTmp'
make: *** [cmTryCompileExec3589458741/fast] Error 2

File /home/cc/ee106a/fa18/class/ee106a-aem/ros_workspaces/lab3/lab3_baxter/build/CMakeFiles/CMakeTmp/CheckSymbolExists.c:
/* */
#include <pthread.h>

int main(int argc, char** argv)
{
  (void)argv;
#ifndef pthread_create
  return ((int*)(&pthread_create))[argc];
#else
  (void)argc;
  return 0;
#endif
}

Determining if the function pthread_create exists in the pthreads failed with the following output:
Change Dir: /home/cc/ee106a/fa18/class/ee106a-aem/ros_workspaces/lab3/lab3_baxter/build/CMakeFiles/CMakeTmp

Run Build Command:/usr/bin/make "cmTryCompileExec4106649435/fast"
/usr/bin/make -f CMakeFiles/cmTryCompileExec4106649435.dir/build.make CMakeFiles/cmTryCompileExec4106649435.dir/build
make[1]: Entering directory `/home/cc/ee106a/fa18/class/ee106a-aem/ros_workspaces/lab3/lab3_baxter/build/CMakeFiles/CMakeTmp'
/usr/bin/cmake -E cmake_progress_report /home/cc/ee106a/fa18/class/ee106a-aem/ros_workspaces/lab3/lab3_baxter/build/CMakeFiles/CMakeTmp/CMakeFiles 1
Building C object CMakeFiles/cmTryCompileExec4106649435.dir/CheckFunctionExists.c.o
/usr/bin/cc   -DCHECK_FUNCTION_EXISTS=pthread_create   -o CMakeFiles/cmTryCompileExec4106649435.dir/CheckFunctionExists.c.o   -c /usr/share/cmake-2.8/Modules/CheckFunctionExists.c
Linking C executable cmTryCompileExec4106649435
/usr/bin/cmake -E cmake_link_script CMakeFiles/cmTryCompileExec4106649435.dir/link.txt --verbose=1
/usr/bin/cc   -DCHECK_FUNCTION_EXISTS=pthread_create    CMakeFiles/cmTryCompileExec4106649435.dir/CheckFunctionExists.c.o  -o cmTryCompileExec4106649435 -rdynamic -lpthreads 
/usr/bin/ld: cannot find -lpthreads
collect2: error: ld returned 1 exit status
make[1]: *** [cmTryCompileExec4106649435] Error 1
make[1]: Leaving directory `/home/cc/ee106a/fa18/class/ee106a-aem/ros_workspaces/lab3/lab3_baxter/build/CMakeFiles/CMakeTmp'
make: *** [cmTryCompileExec4106649435/fast] Error 2


